2017-07-22 11:36:42.762  INFO 4668 --- [restartedMain] com.ikoori.vip.GunsApplication           : Starting GunsApplication on SKY-20170307VCI with PID 4668 (F:\WORK\eclipsewordspace\guns\guns\target\classes started by Administrator in F:\WORK\eclipsewordspace\guns\guns)
2017-07-22 11:36:42.765 DEBUG 4668 --- [restartedMain] com.ikoori.vip.GunsApplication           : Running with Spring Boot v1.5.3.RELEASE, Spring v4.3.8.RELEASE
2017-07-22 11:36:42.765  INFO 4668 --- [restartedMain] com.ikoori.vip.GunsApplication           : The following profiles are active: dev
2017-07-22 11:36:42.867  INFO 4668 --- [restartedMain] ationConfigEmbeddedWebApplicationContext : Refreshing org.springframework.boot.context.embedded.AnnotationConfigEmbeddedWebApplicationContext@64ce6c11: startup date [Sat Jul 22 11:36:42 CST 2017]; root of context hierarchy
2017-07-22 11:36:45.824  INFO 4668 --- [restartedMain] .s.d.r.c.RepositoryConfigurationDelegate : Multiple Spring Data modules found, entering strict repository configuration mode!
2017-07-22 11:36:46.674  INFO 4668 --- [restartedMain] trationDelegate$BeanPostProcessorChecker : Bean 'shiroConfig' of type [com.ikoori.vip.config.web.ShiroConfig$$EnhancerBySpringCGLIB$$f303f1b0] is not eligible for getting processed by all BeanPostProcessors (for example: not eligible for auto-proxying)
2017-07-22 11:36:46.766  INFO 4668 --- [restartedMain] trationDelegate$BeanPostProcessorChecker : Bean 'webConfig' of type [com.ikoori.vip.config.web.WebConfig$$EnhancerBySpringCGLIB$$d6b66ef3] is not eligible for getting processed by all BeanPostProcessors (for example: not eligible for auto-proxying)
2017-07-22 11:36:46.808  INFO 4668 --- [restartedMain] trationDelegate$BeanPostProcessorChecker : Bean 'rememberMeCookie' of type [org.apache.shiro.web.servlet.SimpleCookie] is not eligible for getting processed by all BeanPostProcessors (for example: not eligible for auto-proxying)
2017-07-22 11:36:47.291  INFO 4668 --- [restartedMain] trationDelegate$BeanPostProcessorChecker : Bean 'rememberMeManager' of type [org.apache.shiro.web.mgt.CookieRememberMeManager] is not eligible for getting processed by all BeanPostProcessors (for example: not eligible for auto-proxying)
2017-07-22 11:36:47.300  INFO 4668 --- [restartedMain] trationDelegate$BeanPostProcessorChecker : Bean 'ehCacheConfig' of type [com.ikoori.vip.config.EhCacheConfig$$EnhancerBySpringCGLIB$$47e15db8] is not eligible for getting processed by all BeanPostProcessors (for example: not eligible for auto-proxying)
2017-07-22 11:36:47.314  INFO 4668 --- [restartedMain] o.s.c.ehcache.EhCacheManagerFactoryBean  : Initializing EhCache CacheManager
2017-07-22 11:36:47.496  INFO 4668 --- [restartedMain] trationDelegate$BeanPostProcessorChecker : Bean 'ehcache' of type [org.springframework.cache.ehcache.EhCacheManagerFactoryBean] is not eligible for getting processed by all BeanPostProcessors (for example: not eligible for auto-proxying)
2017-07-22 11:36:47.504  INFO 4668 --- [restartedMain] trationDelegate$BeanPostProcessorChecker : Bean 'getCacheShiroManager' of type [org.apache.shiro.cache.ehcache.EhCacheManager] is not eligible for getting processed by all BeanPostProcessors (for example: not eligible for auto-proxying)
2017-07-22 11:36:47.681  INFO 4668 --- [restartedMain] trationDelegate$BeanPostProcessorChecker : Bean 'gunsProperties' of type [com.ikoori.vip.config.properties.GunsProperties] is not eligible for getting processed by all BeanPostProcessors (for example: not eligible for auto-proxying)
2017-07-22 11:36:47.714  INFO 4668 --- [restartedMain] trationDelegate$BeanPostProcessorChecker : Bean 'defaultWebSessionManager' of type [org.apache.shiro.web.session.mgt.DefaultWebSessionManager] is not eligible for getting processed by all BeanPostProcessors (for example: not eligible for auto-proxying)
2017-07-22 11:36:47.761  INFO 4668 --- [restartedMain] trationDelegate$BeanPostProcessorChecker : Bean 'shiroDbRealm' of type [com.ikoori.vip.core.shiro.ShiroDbRealm] is not eligible for getting processed by all BeanPostProcessors (for example: not eligible for auto-proxying)
2017-07-22 11:36:47.763  INFO 4668 --- [restartedMain] o.a.shiro.cache.ehcache.EhCacheManager   : Cache with name 'com.ikoori.vip.core.shiro.ShiroDbRealm.authorizationCache' does not yet exist.  Creating now.
2017-07-22 11:36:47.771  INFO 4668 --- [restartedMain] o.a.shiro.cache.ehcache.EhCacheManager   : Added EhCache named [com.ikoori.vip.core.shiro.ShiroDbRealm.authorizationCache]
2017-07-22 11:36:47.797  INFO 4668 --- [restartedMain] trationDelegate$BeanPostProcessorChecker : Bean 'securityManager' of type [org.apache.shiro.web.mgt.DefaultWebSecurityManager] is not eligible for getting processed by all BeanPostProcessors (for example: not eligible for auto-proxying)
2017-07-22 11:36:47.814  INFO 4668 --- [restartedMain] trationDelegate$BeanPostProcessorChecker : Bean 'methodInvokingFactoryBean' of type [org.springframework.beans.factory.config.MethodInvokingFactoryBean] is not eligible for getting processed by all BeanPostProcessors (for example: not eligible for auto-proxying)
2017-07-22 11:36:47.903  INFO 4668 --- [restartedMain] trationDelegate$BeanPostProcessorChecker : Bean 'authorizationAttributeSourceAdvisor' of type [org.apache.shiro.spring.security.interceptor.AuthorizationAttributeSourceAdvisor] is not eligible for getting processed by all BeanPostProcessors (for example: not eligible for auto-proxying)
2017-07-22 11:36:47.916  INFO 4668 --- [restartedMain] trationDelegate$BeanPostProcessorChecker : Bean 'druidStatPointcut' of type [org.springframework.aop.support.JdkRegexpMethodPointcut] is not eligible for getting processed by all BeanPostProcessors (for example: not eligible for auto-proxying)
2017-07-22 11:36:47.940  INFO 4668 --- [restartedMain] trationDelegate$BeanPostProcessorChecker : Bean 'druidStatInterceptor' of type [com.alibaba.druid.support.spring.stat.DruidStatInterceptor] is not eligible for getting processed by all BeanPostProcessors (for example: not eligible for auto-proxying)
2017-07-22 11:36:47.951  INFO 4668 --- [restartedMain] trationDelegate$BeanPostProcessorChecker : Bean 'druidStatAdvisor' of type [org.springframework.aop.support.DefaultPointcutAdvisor] is not eligible for getting processed by all BeanPostProcessors (for example: not eligible for auto-proxying)
2017-07-22 11:36:48.085  INFO 4668 --- [restartedMain] trationDelegate$BeanPostProcessorChecker : Bean 'org.springframework.transaction.annotation.ProxyTransactionManagementConfiguration' of type [org.springframework.transaction.annotation.ProxyTransactionManagementConfiguration$$EnhancerBySpringCGLIB$$2d8002c5] is not eligible for getting processed by all BeanPostProcessors (for example: not eligible for auto-proxying)
2017-07-22 11:36:48.419  INFO 4668 --- [restartedMain] trationDelegate$BeanPostProcessorChecker : Bean 'org.springframework.cache.annotation.ProxyCachingConfiguration' of type [org.springframework.cache.annotation.ProxyCachingConfiguration$$EnhancerBySpringCGLIB$$769238e3] is not eligible for getting processed by all BeanPostProcessors (for example: not eligible for auto-proxying)
2017-07-22 11:36:49.833  INFO 4668 --- [restartedMain] s.b.c.e.t.TomcatEmbeddedServletContainer : Tomcat initialized with port(s): 8080 (http)
2017-07-22 11:36:49.854  INFO 4668 --- [restartedMain] o.apache.catalina.core.StandardService   : Starting service Tomcat
2017-07-22 11:36:49.857  INFO 4668 --- [restartedMain] org.apache.catalina.core.StandardEngine  : Starting Servlet Engine: Apache Tomcat/8.5.14
2017-07-22 11:36:50.043  INFO 4668 --- [localhost-startStop-1] o.a.c.c.C.[Tomcat].[localhost].[/]       : Initializing Spring embedded WebApplicationContext
2017-07-22 11:36:50.043  INFO 4668 --- [localhost-startStop-1] o.s.web.context.ContextLoader            : Root WebApplicationContext: initialization completed in 7176 ms
2017-07-22 11:36:51.008  INFO 4668 --- [localhost-startStop-1] o.s.b.w.servlet.ServletRegistrationBean  : Mapping servlet: 'statViewServlet' to [/druid/*]
2017-07-22 11:36:51.010  INFO 4668 --- [localhost-startStop-1] o.s.b.w.servlet.ServletRegistrationBean  : Mapping servlet: 'dispatcherServlet' to [/]
2017-07-22 11:36:51.016  INFO 4668 --- [localhost-startStop-1] o.s.b.w.servlet.FilterRegistrationBean   : Mapping filter: 'characterEncodingFilter' to: [/*]
2017-07-22 11:36:51.017  INFO 4668 --- [localhost-startStop-1] o.s.b.w.servlet.FilterRegistrationBean   : Mapping filter: 'hiddenHttpMethodFilter' to: [/*]
2017-07-22 11:36:51.018  INFO 4668 --- [localhost-startStop-1] o.s.b.w.servlet.FilterRegistrationBean   : Mapping filter: 'httpPutFormContentFilter' to: [/*]
2017-07-22 11:36:51.018  INFO 4668 --- [localhost-startStop-1] o.s.b.w.servlet.FilterRegistrationBean   : Mapping filter: 'requestContextFilter' to: [/*]
2017-07-22 11:36:51.019  INFO 4668 --- [localhost-startStop-1] o.s.b.w.servlet.FilterRegistrationBean   : Mapping filter: 'webStatFilter' to urls: [/*]
2017-07-22 11:36:51.020  INFO 4668 --- [localhost-startStop-1] o.s.b.w.servlet.FilterRegistrationBean   : Mapping filter: 'xssFilter' to urls: [/*]
2017-07-22 11:36:51.020  INFO 4668 --- [localhost-startStop-1] o.s.b.w.servlet.FilterRegistrationBean   : Mapping filter: 'shiroFilter' to: [/*]
2017-07-22 11:36:53.778  INFO 4668 --- [restartedMain] com.alibaba.druid.pool.DruidDataSource   : {dataSource-1} inited
2017-07-22 11:36:58.240  INFO 4668 --- [restartedMain] s.w.s.m.m.a.RequestMappingHandlerMapping : Mapped "{[/global/sessionError]}" onto public java.lang.String com.ikoori.vip.common.controller.GlobalController.errorPageInfo(org.springframework.ui.Model)
2017-07-22 11:36:58.242  INFO 4668 --- [restartedMain] s.w.s.m.m.a.RequestMappingHandlerMapping : Mapped "{[/global/error]}" onto public java.lang.String com.ikoori.vip.common.controller.GlobalController.errorPage()
2017-07-22 11:36:58.245  INFO 4668 --- [restartedMain] s.w.s.m.m.a.RequestMappingHandlerMapping : Mapped "{[/blackboard]}" onto public java.lang.String com.ikoori.vip.modular.system.controller.BlackboardController.blackboard(org.springframework.ui.Model)
2017-07-22 11:36:58.247  INFO 4668 --- [restartedMain] s.w.s.m.m.a.RequestMappingHandlerMapping : Mapped "{[/code]}" onto public java.lang.String com.ikoori.vip.modular.system.controller.CodeController.index()
2017-07-22 11:36:58.248  INFO 4668 --- [restartedMain] s.w.s.m.m.a.RequestMappingHandlerMapping : Mapped "{[/code/generate],methods=[POST]}" onto public java.lang.Object com.ikoori.vip.modular.system.controller.CodeController.add(java.lang.String,java.lang.String,java.lang.String,java.lang.String)
2017-07-22 11:36:58.254  INFO 4668 --- [restartedMain] s.w.s.m.m.a.RequestMappingHandlerMapping : Mapped "{[/dept]}" onto public java.lang.String com.ikoori.vip.modular.system.controller.DeptController.index()
2017-07-22 11:36:58.255  INFO 4668 --- [restartedMain] s.w.s.m.m.a.RequestMappingHandlerMapping : Mapped "{[/dept/add]}" onto public java.lang.Object com.ikoori.vip.modular.system.controller.DeptController.add(com.ikoori.vip.common.persistence.model.Dept)
2017-07-22 11:36:58.256  INFO 4668 --- [restartedMain] s.w.s.m.m.a.RequestMappingHandlerMapping : Mapped "{[/dept/update]}" onto public java.lang.Object com.ikoori.vip.modular.system.controller.DeptController.update(com.ikoori.vip.common.persistence.model.Dept)
2017-07-22 11:36:58.257  INFO 4668 --- [restartedMain] s.w.s.m.m.a.RequestMappingHandlerMapping : Mapped "{[/dept/delete]}" onto public java.lang.Object com.ikoori.vip.modular.system.controller.DeptController.delete(java.lang.Integer)
2017-07-22 11:36:58.258  INFO 4668 --- [restartedMain] s.w.s.m.m.a.RequestMappingHandlerMapping : Mapped "{[/dept/list]}" onto public java.lang.Object com.ikoori.vip.modular.system.controller.DeptController.list(java.lang.String)
2017-07-22 11:36:58.259  INFO 4668 --- [restartedMain] s.w.s.m.m.a.RequestMappingHandlerMapping : Mapped "{[/dept/tree]}" onto public java.util.List<com.ikoori.vip.common.node.ZTreeNode> com.ikoori.vip.modular.system.controller.DeptController.tree()
2017-07-22 11:36:58.260  INFO 4668 --- [restartedMain] s.w.s.m.m.a.RequestMappingHandlerMapping : Mapped "{[/dept/detail/{deptId}]}" onto public java.lang.Object com.ikoori.vip.modular.system.controller.DeptController.detail(java.lang.Integer)
2017-07-22 11:36:58.261  INFO 4668 --- [restartedMain] s.w.s.m.m.a.RequestMappingHandlerMapping : Mapped "{[/dept/dept_add]}" onto public java.lang.String com.ikoori.vip.modular.system.controller.DeptController.deptAdd()
2017-07-22 11:36:58.262  INFO 4668 --- [restartedMain] s.w.s.m.m.a.RequestMappingHandlerMapping : Mapped "{[/dept/dept_update/{deptId}]}" onto public java.lang.String com.ikoori.vip.modular.system.controller.DeptController.deptUpdate(java.lang.Integer,org.springframework.ui.Model)
2017-07-22 11:36:58.270  INFO 4668 --- [restartedMain] s.w.s.m.m.a.RequestMappingHandlerMapping : Mapped "{[/dict]}" onto public java.lang.String com.ikoori.vip.modular.system.controller.DictController.index()
2017-07-22 11:36:58.272  INFO 4668 --- [restartedMain] s.w.s.m.m.a.RequestMappingHandlerMapping : Mapped "{[/dict/add]}" onto public java.lang.Object com.ikoori.vip.modular.system.controller.DictController.add(java.lang.String,java.lang.String)
2017-07-22 11:36:58.273  INFO 4668 --- [restartedMain] s.w.s.m.m.a.RequestMappingHandlerMapping : Mapped "{[/dict/update]}" onto public java.lang.Object com.ikoori.vip.modular.system.controller.DictController.update(java.lang.Integer,java.lang.String,java.lang.String)
2017-07-22 11:36:58.274  INFO 4668 --- [restartedMain] s.w.s.m.m.a.RequestMappingHandlerMapping : Mapped "{[/dict/delete]}" onto public java.lang.Object com.ikoori.vip.modular.system.controller.DictController.delete(java.lang.Integer)
2017-07-22 11:36:58.275  INFO 4668 --- [restartedMain] s.w.s.m.m.a.RequestMappingHandlerMapping : Mapped "{[/dict/list]}" onto public java.lang.Object com.ikoori.vip.modular.system.controller.DictController.list(java.lang.String)
2017-07-22 11:36:58.277  INFO 4668 --- [restartedMain] s.w.s.m.m.a.RequestMappingHandlerMapping : Mapped "{[/dict/detail/{dictId}]}" onto public java.lang.Object com.ikoori.vip.modular.system.controller.DictController.detail(java.lang.Integer)
2017-07-22 11:36:58.278  INFO 4668 --- [restartedMain] s.w.s.m.m.a.RequestMappingHandlerMapping : Mapped "{[/dict/dict_add]}" onto public java.lang.String com.ikoori.vip.modular.system.controller.DictController.deptAdd()
2017-07-22 11:36:58.279  INFO 4668 --- [restartedMain] s.w.s.m.m.a.RequestMappingHandlerMapping : Mapped "{[/dict/dict_edit/{dictId}]}" onto public java.lang.String com.ikoori.vip.modular.system.controller.DictController.deptUpdate(java.lang.Integer,org.springframework.ui.Model)
2017-07-22 11:36:58.281  INFO 4668 --- [restartedMain] s.w.s.m.m.a.RequestMappingHandlerMapping : Mapped "{[/kaptcha]}" onto public void com.ikoori.vip.modular.system.controller.KaptchaController.index(javax.servlet.http.HttpServletRequest,javax.servlet.http.HttpServletResponse)
2017-07-22 11:36:58.282  INFO 4668 --- [restartedMain] s.w.s.m.m.a.RequestMappingHandlerMapping : Mapped "{[/kaptcha/{pictureId}]}" onto public void com.ikoori.vip.modular.system.controller.KaptchaController.renderPicture(java.lang.String,javax.servlet.http.HttpServletResponse)
2017-07-22 11:36:58.284  INFO 4668 --- [restartedMain] s.w.s.m.m.a.RequestMappingHandlerMapping : Mapped "{[/log]}" onto public java.lang.String com.ikoori.vip.modular.system.controller.LogController.index()
2017-07-22 11:36:58.285  INFO 4668 --- [restartedMain] s.w.s.m.m.a.RequestMappingHandlerMapping : Mapped "{[/log/list]}" onto public java.lang.Object com.ikoori.vip.modular.system.controller.LogController.list(java.lang.String,java.lang.String,java.lang.String,java.lang.Integer)
2017-07-22 11:36:58.286  INFO 4668 --- [restartedMain] s.w.s.m.m.a.RequestMappingHandlerMapping : Mapped "{[/log/detail/{id}]}" onto public java.lang.Object com.ikoori.vip.modular.system.controller.LogController.detail(java.lang.Integer)
2017-07-22 11:36:58.287  INFO 4668 --- [restartedMain] s.w.s.m.m.a.RequestMappingHandlerMapping : Mapped "{[/log/delLog]}" onto public java.lang.Object com.ikoori.vip.modular.system.controller.LogController.delLog()
2017-07-22 11:36:58.289  INFO 4668 --- [restartedMain] s.w.s.m.m.a.RequestMappingHandlerMapping : Mapped "{[/],methods=[GET]}" onto public java.lang.String com.ikoori.vip.modular.system.controller.LoginController.index(org.springframework.ui.Model)
2017-07-22 11:36:58.290  INFO 4668 --- [restartedMain] s.w.s.m.m.a.RequestMappingHandlerMapping : Mapped "{[/login],methods=[GET]}" onto public java.lang.String com.ikoori.vip.modular.system.controller.LoginController.login()
2017-07-22 11:36:58.290  INFO 4668 --- [restartedMain] s.w.s.m.m.a.RequestMappingHandlerMapping : Mapped "{[/login],methods=[POST]}" onto public java.lang.String com.ikoori.vip.modular.system.controller.LoginController.loginVali()
2017-07-22 11:36:58.291  INFO 4668 --- [restartedMain] s.w.s.m.m.a.RequestMappingHandlerMapping : Mapped "{[/logout],methods=[GET]}" onto public java.lang.String com.ikoori.vip.modular.system.controller.LoginController.logOut()
2017-07-22 11:36:58.293  INFO 4668 --- [restartedMain] s.w.s.m.m.a.RequestMappingHandlerMapping : Mapped "{[/loginLog]}" onto public java.lang.String com.ikoori.vip.modular.system.controller.LoginLogController.index()
2017-07-22 11:36:58.295  INFO 4668 --- [restartedMain] s.w.s.m.m.a.RequestMappingHandlerMapping : Mapped "{[/loginLog/list]}" onto public java.lang.Object com.ikoori.vip.modular.system.controller.LoginLogController.list(java.lang.String,java.lang.String,java.lang.String)
2017-07-22 11:36:58.296  INFO 4668 --- [restartedMain] s.w.s.m.m.a.RequestMappingHandlerMapping : Mapped "{[/loginLog/delLoginLog]}" onto public java.lang.Object com.ikoori.vip.modular.system.controller.LoginLogController.delLog()
2017-07-22 11:36:58.300  INFO 4668 --- [restartedMain] s.w.s.m.m.a.RequestMappingHandlerMapping : Mapped "{[/menu]}" onto public java.lang.String com.ikoori.vip.modular.system.controller.MenuController.index()
2017-07-22 11:36:58.301  INFO 4668 --- [restartedMain] s.w.s.m.m.a.RequestMappingHandlerMapping : Mapped "{[/menu/add]}" onto public com.ikoori.vip.common.constant.tips.Tip com.ikoori.vip.modular.system.controller.MenuController.add(com.ikoori.vip.common.persistence.model.Menu,org.springframework.validation.BindingResult)
2017-07-22 11:36:58.302  INFO 4668 --- [restartedMain] s.w.s.m.m.a.RequestMappingHandlerMapping : Mapped "{[/menu/remove]}" onto public com.ikoori.vip.common.constant.tips.Tip com.ikoori.vip.modular.system.controller.MenuController.remove(java.lang.Integer)
2017-07-22 11:36:58.303  INFO 4668 --- [restartedMain] s.w.s.m.m.a.RequestMappingHandlerMapping : Mapped "{[/menu/list]}" onto public java.lang.Object com.ikoori.vip.modular.system.controller.MenuController.list(java.lang.String,java.lang.String)
2017-07-22 11:36:58.304  INFO 4668 --- [restartedMain] s.w.s.m.m.a.RequestMappingHandlerMapping : Mapped "{[/menu/view/{menuId}]}" onto public com.ikoori.vip.common.constant.tips.Tip com.ikoori.vip.modular.system.controller.MenuController.view(java.lang.Integer)
2017-07-22 11:36:58.305  INFO 4668 --- [restartedMain] s.w.s.m.m.a.RequestMappingHandlerMapping : Mapped "{[/menu/selectMenuTreeList]}" onto public java.util.List<com.ikoori.vip.common.node.ZTreeNode> com.ikoori.vip.modular.system.controller.MenuController.selectMenuTreeList()
2017-07-22 11:36:58.306  INFO 4668 --- [restartedMain] s.w.s.m.m.a.RequestMappingHandlerMapping : Mapped "{[/menu/menuTreeListByRoleId/{roleId}]}" onto public java.util.List<com.ikoori.vip.common.node.ZTreeNode> com.ikoori.vip.modular.system.controller.MenuController.menuTreeListByRoleId(java.lang.Integer)
2017-07-22 11:36:58.307  INFO 4668 --- [restartedMain] s.w.s.m.m.a.RequestMappingHandlerMapping : Mapped "{[/menu/menu_add]}" onto public java.lang.String com.ikoori.vip.modular.system.controller.MenuController.menuAdd()
2017-07-22 11:36:58.309  INFO 4668 --- [restartedMain] s.w.s.m.m.a.RequestMappingHandlerMapping : Mapped "{[/menu/menu_edit/{menuId}]}" onto public java.lang.String com.ikoori.vip.modular.system.controller.MenuController.menuEdit(java.lang.Integer,org.springframework.ui.Model)
2017-07-22 11:36:58.310  INFO 4668 --- [restartedMain] s.w.s.m.m.a.RequestMappingHandlerMapping : Mapped "{[/menu/edit]}" onto public com.ikoori.vip.common.constant.tips.Tip com.ikoori.vip.modular.system.controller.MenuController.edit(com.ikoori.vip.common.persistence.model.Menu,org.springframework.validation.BindingResult)
2017-07-22 11:36:58.311  INFO 4668 --- [restartedMain] s.w.s.m.m.a.RequestMappingHandlerMapping : Mapped "{[/menu/menuTreeList]}" onto public java.util.List<com.ikoori.vip.common.node.ZTreeNode> com.ikoori.vip.modular.system.controller.MenuController.menuTreeList()
2017-07-22 11:36:58.315  INFO 4668 --- [restartedMain] s.w.s.m.m.a.RequestMappingHandlerMapping : Mapped "{[/notice]}" onto public java.lang.String com.ikoori.vip.modular.system.controller.NoticeController.index()
2017-07-22 11:36:58.316  INFO 4668 --- [restartedMain] s.w.s.m.m.a.RequestMappingHandlerMapping : Mapped "{[/notice/add]}" onto public java.lang.Object com.ikoori.vip.modular.system.controller.NoticeController.add(com.ikoori.vip.common.persistence.model.Notice)
2017-07-22 11:36:58.317  INFO 4668 --- [restartedMain] s.w.s.m.m.a.RequestMappingHandlerMapping : Mapped "{[/notice/update]}" onto public java.lang.Object com.ikoori.vip.modular.system.controller.NoticeController.update(com.ikoori.vip.common.persistence.model.Notice)
2017-07-22 11:36:58.318  INFO 4668 --- [restartedMain] s.w.s.m.m.a.RequestMappingHandlerMapping : Mapped "{[/notice/delete]}" onto public java.lang.Object com.ikoori.vip.modular.system.controller.NoticeController.delete(java.lang.Integer)
2017-07-22 11:36:58.319  INFO 4668 --- [restartedMain] s.w.s.m.m.a.RequestMappingHandlerMapping : Mapped "{[/notice/list]}" onto public java.lang.Object com.ikoori.vip.modular.system.controller.NoticeController.list(java.lang.String)
2017-07-22 11:36:58.320  INFO 4668 --- [restartedMain] s.w.s.m.m.a.RequestMappingHandlerMapping : Mapped "{[/notice/notice_add]}" onto public java.lang.String com.ikoori.vip.modular.system.controller.NoticeController.noticeAdd()
2017-07-22 11:36:58.321  INFO 4668 --- [restartedMain] s.w.s.m.m.a.RequestMappingHandlerMapping : Mapped "{[/notice/notice_update/{noticeId}]}" onto public java.lang.String com.ikoori.vip.modular.system.controller.NoticeController.noticeUpdate(java.lang.Integer,org.springframework.ui.Model)
2017-07-22 11:36:58.322  INFO 4668 --- [restartedMain] s.w.s.m.m.a.RequestMappingHandlerMapping : Mapped "{[/notice/hello]}" onto public java.lang.String com.ikoori.vip.modular.system.controller.NoticeController.hello()
2017-07-22 11:36:58.327  INFO 4668 --- [restartedMain] s.w.s.m.m.a.RequestMappingHandlerMapping : Mapped "{[/role]}" onto public java.lang.String com.ikoori.vip.modular.system.controller.RoleController.index()
2017-07-22 11:36:58.328  INFO 4668 --- [restartedMain] s.w.s.m.m.a.RequestMappingHandlerMapping : Mapped "{[/role/add]}" onto public com.ikoori.vip.common.constant.tips.Tip com.ikoori.vip.modular.system.controller.RoleController.add(com.ikoori.vip.common.persistence.model.Role,org.springframework.validation.BindingResult)
2017-07-22 11:36:58.329  INFO 4668 --- [restartedMain] s.w.s.m.m.a.RequestMappingHandlerMapping : Mapped "{[/role/remove]}" onto public com.ikoori.vip.common.constant.tips.Tip com.ikoori.vip.modular.system.controller.RoleController.remove(java.lang.Integer)
2017-07-22 11:36:58.330  INFO 4668 --- [restartedMain] s.w.s.m.m.a.RequestMappingHandlerMapping : Mapped "{[/role/list]}" onto public java.lang.Object com.ikoori.vip.modular.system.controller.RoleController.list(java.lang.String)
2017-07-22 11:36:58.331  INFO 4668 --- [restartedMain] s.w.s.m.m.a.RequestMappingHandlerMapping : Mapped "{[/role/view/{roleId}]}" onto public com.ikoori.vip.common.constant.tips.Tip com.ikoori.vip.modular.system.controller.RoleController.view(java.lang.Integer)
2017-07-22 11:36:58.332  INFO 4668 --- [restartedMain] s.w.s.m.m.a.RequestMappingHandlerMapping : Mapped "{[/role/roleTreeListByUserId/{userId}]}" onto public java.util.List<com.ikoori.vip.common.node.ZTreeNode> com.ikoori.vip.modular.system.controller.RoleController.roleTreeListByUserId(java.lang.Integer)
2017-07-22 11:36:58.333  INFO 4668 --- [restartedMain] s.w.s.m.m.a.RequestMappingHandlerMapping : Mapped "{[/role/edit]}" onto public com.ikoori.vip.common.constant.tips.Tip com.ikoori.vip.modular.system.controller.RoleController.edit(com.ikoori.vip.common.persistence.model.Role,org.springframework.validation.BindingResult)
2017-07-22 11:36:58.334  INFO 4668 --- [restartedMain] s.w.s.m.m.a.RequestMappingHandlerMapping : Mapped "{[/role/roleTreeList]}" onto public java.util.List<com.ikoori.vip.common.node.ZTreeNode> com.ikoori.vip.modular.system.controller.RoleController.roleTreeList()
2017-07-22 11:36:58.334  INFO 4668 --- [restartedMain] s.w.s.m.m.a.RequestMappingHandlerMapping : Mapped "{[/role/role_add]}" onto public java.lang.String com.ikoori.vip.modular.system.controller.RoleController.roleAdd()
2017-07-22 11:36:58.335  INFO 4668 --- [restartedMain] s.w.s.m.m.a.RequestMappingHandlerMapping : Mapped "{[/role/role_edit/{roleId}]}" onto public java.lang.String com.ikoori.vip.modular.system.controller.RoleController.roleEdit(java.lang.Integer,org.springframework.ui.Model)
2017-07-22 11:36:58.336  INFO 4668 --- [restartedMain] s.w.s.m.m.a.RequestMappingHandlerMapping : Mapped "{[/role/role_assign/{roleId}]}" onto public java.lang.String com.ikoori.vip.modular.system.controller.RoleController.roleAssign(java.lang.Integer,org.springframework.ui.Model)
2017-07-22 11:36:58.337  INFO 4668 --- [restartedMain] s.w.s.m.m.a.RequestMappingHandlerMapping : Mapped "{[/role/setAuthority]}" onto public com.ikoori.vip.common.constant.tips.Tip com.ikoori.vip.modular.system.controller.RoleController.setAuthority(java.lang.Integer,java.lang.String)
2017-07-22 11:36:58.343  INFO 4668 --- [restartedMain] s.w.s.m.m.a.RequestMappingHandlerMapping : Mapped "{[/mgr]}" onto public java.lang.String com.ikoori.vip.modular.system.controller.UserMgrController.index()
2017-07-22 11:36:58.344  INFO 4668 --- [restartedMain] s.w.s.m.m.a.RequestMappingHandlerMapping : Mapped "{[/mgr/add]}" onto public com.ikoori.vip.common.constant.tips.Tip com.ikoori.vip.modular.system.controller.UserMgrController.add(com.ikoori.vip.modular.system.transfer.UserDto,org.springframework.validation.BindingResult)
2017-07-22 11:36:58.345  INFO 4668 --- [restartedMain] s.w.s.m.m.a.RequestMappingHandlerMapping : Mapped "{[/mgr/delete]}" onto public com.ikoori.vip.common.constant.tips.Tip com.ikoori.vip.modular.system.controller.UserMgrController.delete(java.lang.Integer)
2017-07-22 11:36:58.346  INFO 4668 --- [restartedMain] s.w.s.m.m.a.RequestMappingHandlerMapping : Mapped "{[/mgr/list]}" onto public java.lang.Object com.ikoori.vip.modular.system.controller.UserMgrController.list(java.lang.String,java.lang.String,java.lang.String,java.lang.Integer)
2017-07-22 11:36:58.347  INFO 4668 --- [restartedMain] s.w.s.m.m.a.RequestMappingHandlerMapping : Mapped "{[/mgr/reset]}" onto public com.ikoori.vip.common.constant.tips.Tip com.ikoori.vip.modular.system.controller.UserMgrController.reset(java.lang.Integer)
2017-07-22 11:36:58.348  INFO 4668 --- [restartedMain] s.w.s.m.m.a.RequestMappingHandlerMapping : Mapped "{[/mgr/user_info]}" onto public java.lang.String com.ikoori.vip.modular.system.controller.UserMgrController.userInfo(org.springframework.ui.Model)
2017-07-22 11:36:58.349  INFO 4668 --- [restartedMain] s.w.s.m.m.a.RequestMappingHandlerMapping : Mapped "{[/mgr/view/{userId}]}" onto public com.ikoori.vip.common.persistence.model.User com.ikoori.vip.modular.system.controller.UserMgrController.view(java.lang.Integer)
2017-07-22 11:36:58.351  INFO 4668 --- [restartedMain] s.w.s.m.m.a.RequestMappingHandlerMapping : Mapped "{[/mgr/setRole]}" onto public com.ikoori.vip.common.constant.tips.Tip com.ikoori.vip.modular.system.controller.UserMgrController.setRole(java.lang.Integer,java.lang.String)
2017-07-22 11:36:58.352  INFO 4668 --- [restartedMain] s.w.s.m.m.a.RequestMappingHandlerMapping : Mapped "{[/mgr/edit]}" onto public com.ikoori.vip.common.constant.tips.Tip com.ikoori.vip.modular.system.controller.UserMgrController.edit(com.ikoori.vip.modular.system.transfer.UserDto,org.springframework.validation.BindingResult) throws javax.naming.NoPermissionException
2017-07-22 11:36:58.353  INFO 4668 --- [restartedMain] s.w.s.m.m.a.RequestMappingHandlerMapping : Mapped "{[/mgr/role_assign/{userId}]}" onto public java.lang.String com.ikoori.vip.modular.system.controller.UserMgrController.roleAssign(java.lang.Integer,org.springframework.ui.Model)
2017-07-22 11:36:58.354  INFO 4668 --- [restartedMain] s.w.s.m.m.a.RequestMappingHandlerMapping : Mapped "{[/mgr/user_add]}" onto public java.lang.String com.ikoori.vip.modular.system.controller.UserMgrController.addView()
2017-07-22 11:36:58.355  INFO 4668 --- [restartedMain] s.w.s.m.m.a.RequestMappingHandlerMapping : Mapped "{[/mgr/user_edit/{userId}]}" onto public java.lang.String com.ikoori.vip.modular.system.controller.UserMgrController.userEdit(java.lang.Integer,org.springframework.ui.Model)
2017-07-22 11:36:58.356  INFO 4668 --- [restartedMain] s.w.s.m.m.a.RequestMappingHandlerMapping : Mapped "{[/mgr/user_chpwd]}" onto public java.lang.String com.ikoori.vip.modular.system.controller.UserMgrController.chPwd()
2017-07-22 11:36:58.357  INFO 4668 --- [restartedMain] s.w.s.m.m.a.RequestMappingHandlerMapping : Mapped "{[/mgr/changePwd]}" onto public java.lang.Object com.ikoori.vip.modular.system.controller.UserMgrController.changePwd(java.lang.String,java.lang.String,java.lang.String)
2017-07-22 11:36:58.358  INFO 4668 --- [restartedMain] s.w.s.m.m.a.RequestMappingHandlerMapping : Mapped "{[/mgr/freeze]}" onto public com.ikoori.vip.common.constant.tips.Tip com.ikoori.vip.modular.system.controller.UserMgrController.freeze(java.lang.Integer)
2017-07-22 11:36:58.359  INFO 4668 --- [restartedMain] s.w.s.m.m.a.RequestMappingHandlerMapping : Mapped "{[/mgr/unfreeze]}" onto public com.ikoori.vip.common.constant.tips.Tip com.ikoori.vip.modular.system.controller.UserMgrController.unfreeze(java.lang.Integer)
2017-07-22 11:36:58.360  INFO 4668 --- [restartedMain] s.w.s.m.m.a.RequestMappingHandlerMapping : Mapped "{[/mgr/upload],methods=[POST]}" onto public java.lang.String com.ikoori.vip.modular.system.controller.UserMgrController.upload(org.springframework.web.multipart.MultipartFile)
2017-07-22 11:36:58.361  INFO 4668 --- [restartedMain] s.w.s.m.m.a.RequestMappingHandlerMapping : Mapped "{[/v2/api-docs],methods=[GET]}" onto public org.springframework.http.ResponseEntity<springfox.documentation.spring.web.json.Json> springfox.documentation.swagger2.web.Swagger2Controller.getDocumentation(java.lang.String)
2017-07-22 11:36:58.366  INFO 4668 --- [restartedMain] s.w.s.m.m.a.RequestMappingHandlerMapping : Mapped "{[/configuration/security]}" onto org.springframework.http.ResponseEntity<springfox.documentation.swagger.web.SecurityConfiguration> springfox.documentation.swagger.web.ApiResourceController.securityConfiguration()
2017-07-22 11:36:58.367  INFO 4668 --- [restartedMain] s.w.s.m.m.a.RequestMappingHandlerMapping : Mapped "{[/swagger-resources]}" onto org.springframework.http.ResponseEntity<java.util.List<springfox.documentation.swagger.web.SwaggerResource>> springfox.documentation.swagger.web.ApiResourceController.swaggerResources()
2017-07-22 11:36:58.369  INFO 4668 --- [restartedMain] s.w.s.m.m.a.RequestMappingHandlerMapping : Mapped "{[/configuration/ui]}" onto org.springframework.http.ResponseEntity<springfox.documentation.swagger.web.UiConfiguration> springfox.documentation.swagger.web.ApiResourceController.uiConfiguration()
2017-07-22 11:36:58.374  INFO 4668 --- [restartedMain] s.w.s.m.m.a.RequestMappingHandlerMapping : Mapped "{[/error]}" onto public org.springframework.http.ResponseEntity<java.util.Map<java.lang.String, java.lang.Object>> org.springframework.boot.autoconfigure.web.BasicErrorController.error(javax.servlet.http.HttpServletRequest)
2017-07-22 11:36:58.375  INFO 4668 --- [restartedMain] s.w.s.m.m.a.RequestMappingHandlerMapping : Mapped "{[/error],produces=[text/html]}" onto public org.springframework.web.servlet.ModelAndView org.springframework.boot.autoconfigure.web.BasicErrorController.errorHtml(javax.servlet.http.HttpServletRequest,javax.servlet.http.HttpServletResponse)
2017-07-22 11:37:01.096  INFO 4668 --- [restartedMain] s.w.s.m.m.a.RequestMappingHandlerAdapter : Looking for @ControllerAdvice: org.springframework.boot.context.embedded.AnnotationConfigEmbeddedWebApplicationContext@64ce6c11: startup date [Sat Jul 22 11:36:42 CST 2017]; root of context hierarchy
2017-07-22 11:37:01.452  INFO 4668 --- [restartedMain] o.s.w.s.handler.SimpleUrlHandlerMapping  : Mapped URL path [/swagger-ui.html] onto handler of type [class org.springframework.web.servlet.resource.ResourceHttpRequestHandler]
2017-07-22 11:37:01.453  INFO 4668 --- [restartedMain] o.s.w.s.handler.SimpleUrlHandlerMapping  : Mapped URL path [/webjars/**] onto handler of type [class org.springframework.web.servlet.resource.ResourceHttpRequestHandler]
2017-07-22 11:37:01.453  INFO 4668 --- [restartedMain] o.s.w.s.handler.SimpleUrlHandlerMapping  : Mapped URL path [/static/**] onto handler of type [class org.springframework.web.servlet.resource.ResourceHttpRequestHandler]
2017-07-22 11:37:01.538  INFO 4668 --- [restartedMain] .m.m.a.ExceptionHandlerExceptionResolver : Detected @ExceptionHandler methods in globalExceptionHandler
2017-07-22 11:37:01.694  INFO 4668 --- [restartedMain] o.s.w.s.handler.SimpleUrlHandlerMapping  : Mapped URL path [/**/favicon.ico] onto handler of type [class org.springframework.web.servlet.resource.ResourceHttpRequestHandler]
2017-07-22 11:37:04.415  INFO 4668 --- [restartedMain] o.s.b.d.a.OptionalLiveReloadServer       : LiveReload server is running on port 35729
2017-07-22 11:37:04.586  INFO 4668 --- [restartedMain] o.s.j.e.a.AnnotationMBeanExporter        : Registering beans for JMX exposure on startup
2017-07-22 11:37:04.613  INFO 4668 --- [restartedMain] d.s.w.p.DocumentationPluginsBootstrapper : Context refreshed
2017-07-22 11:37:04.653  INFO 4668 --- [restartedMain] d.s.w.p.DocumentationPluginsBootstrapper : Found {0} custom documentation plugin(s)
2017-07-22 11:37:04.671  INFO 4668 --- [restartedMain] s.d.s.w.s.ApiListingReferenceScanner     : Scanning for api listing references
2017-07-22 11:37:04.679  INFO 4668 --- [restartedMain] s.w.ClassOrApiAnnotationResourceGrouping : Group for method add was code-controller
2017-07-22 11:37:04.682  INFO 4668 --- [restartedMain] s.d.s.w.s.ApiListingReferenceScanner     : Request mapping: add belongs to groups: [[ResourceGroup{groupName='code-controller', position=0, controller=com.ikoori.vip.modular.system.controller.CodeController}]] 
2017-07-22 11:37:04.692  INFO 4668 --- [restartedMain] s.d.s.w.s.ApiListingReferenceScanner     : Created resource listing Path: /default/code-controller Description: code-controller Position: 0
2017-07-22 11:37:04.727  INFO 4668 --- [restartedMain] s.d.schema.ModelContextKeyGenerator      : Cache Key Generated: java.lang.Object(true)
2017-07-22 11:37:04.727  INFO 4668 --- [restartedMain] s.d.spring.web.caching.CachingAspect     : Caching aspect applied for cache models with key java.lang.Object(true)
2017-07-22 11:37:04.733  INFO 4668 --- [restartedMain] s.d.schema.ModelContextKeyGenerator      : Cache Key Generated: java.lang.Object(true)
2017-07-22 11:37:04.734  INFO 4668 --- [restartedMain] s.d.spring.web.caching.CachingAspect     : Caching aspect applied for cache modelDependencies with key java.lang.Object(true)
2017-07-22 11:37:04.749  INFO 4668 --- [restartedMain] s.d.spring.web.OperationsKeyGenerator    : Cache key generated: /code/generate.com.ikoori.vip.modular.system.controller.CodeController.add.DefaultGenericTypeNamingStrategy
2017-07-22 11:37:04.749  INFO 4668 --- [restartedMain] s.d.spring.web.caching.CachingAspect     : Caching aspect applied for cache operations with key /code/generate.com.ikoori.vip.modular.system.controller.CodeController.add.DefaultGenericTypeNamingStrategy
2017-07-22 11:37:04.788  INFO 4668 --- [restartedMain] s.w.ClassOrApiAnnotationResourceGrouping : Group for method add was code-controller
2017-07-22 11:37:04.814  INFO 4668 --- [restartedMain] s.w.ClassOrApiAnnotationResourceGrouping : Group for method add was code-controller
2017-07-22 11:37:04.928  INFO 4668 --- [restartedMain] s.b.c.e.t.TomcatEmbeddedServletContainer : Tomcat started on port(s): 8080 (http)
2017-07-22 11:37:04.942  INFO 4668 --- [restartedMain] com.ikoori.vip.GunsApplication           : Started GunsApplication in 22.948 seconds (JVM running for 23.582)
2017-07-22 11:37:04.942  INFO 4668 --- [restartedMain] com.ikoori.vip.GunsApplication           : GunsApplication is sussess!
2017-07-22 11:37:21.068  INFO 4668 --- [http-nio-8080-exec-1] o.a.c.c.C.[Tomcat].[localhost].[/]       : Initializing Spring FrameworkServlet 'dispatcherServlet'
2017-07-22 11:37:21.069  INFO 4668 --- [http-nio-8080-exec-1] o.s.web.servlet.DispatcherServlet        : FrameworkServlet 'dispatcherServlet': initialization started
2017-07-22 11:37:21.158  INFO 4668 --- [http-nio-8080-exec-1] o.s.web.servlet.DispatcherServlet        : FrameworkServlet 'dispatcherServlet': initialization completed in 89 ms
2017-07-22 11:37:21.185  INFO 4668 --- [http-nio-8080-exec-1] a.s.s.m.AbstractValidatingSessionManager : Enabling session validation scheduler...
2017-07-22 11:37:21.389 DEBUG 4668 --- [http-nio-8080-exec-1] c.i.v.m.s.dao.MenuDao.getMenusByRoleIds  : ==>  Preparing: SELECT m1.id AS id, m1.icon AS icon, ( CASE WHEN (m2.id = 0 OR m2.id IS NULL) THEN 0 ELSE m2.id END ) AS parentId, m1.NAME as name, m1.url as url, m1.levels as levels, m1.ismenu as ismenu, m1.num as num FROM menu m1 LEFT JOIN menu m2 ON m1.pcode = m2. CODE INNER JOIN ( SELECT ID FROM menu WHERE ID IN ( SELECT menuid FROM relation rela WHERE rela.roleid IN ( ? ) ) ) m3 ON m1.id = m3.id where m1.ismenu = 1 order by levels,num asc 
2017-07-22 11:37:21.882 DEBUG 4668 --- [http-nio-8080-exec-1] c.i.v.m.s.dao.MenuDao.getMenusByRoleIds  : ==> Parameters: 1(Integer)
2017-07-22 11:37:21.965 DEBUG 4668 --- [http-nio-8080-exec-1] c.i.v.m.s.dao.MenuDao.getMenusByRoleIds  : <==      Total: 14
2017-07-22 11:37:21.970 DEBUG 4668 --- [http-nio-8080-exec-1] c.i.v.c.p.dao.UserMapper.selectById      : ==>  Preparing: SELECT id AS id,avatar,account,`password`,salt,`name`,birthday,sex,email,phone,roleid,deptid,`status`,createtime,version FROM user WHERE id=? 
2017-07-22 11:37:21.972 DEBUG 4668 --- [http-nio-8080-exec-1] c.i.v.c.p.dao.UserMapper.selectById      : ==> Parameters: 1(Integer)
2017-07-22 11:37:21.979 DEBUG 4668 --- [http-nio-8080-exec-1] c.i.v.c.p.dao.UserMapper.selectById      : <==      Total: 1
2017-07-22 11:37:22.633 DEBUG 4668 --- [http-nio-8080-exec-7] c.i.v.modular.system.dao.NoticeDao.list  : ==>  Preparing: select * from notice order by createtime DESC 
2017-07-22 11:37:22.639 DEBUG 4668 --- [http-nio-8080-exec-7] c.i.v.modular.system.dao.NoticeDao.list  : ==> Parameters: 
2017-07-22 11:37:22.653 DEBUG 4668 --- [http-nio-8080-exec-7] c.i.v.modular.system.dao.NoticeDao.list  : <==      Total: 2
2017-07-22 11:37:22.927 ERROR 4668 --- [http-nio-8080-exec-9] com.ikoori.vip.core.util.FileUtil        : 文件未找到！C:\Users\ADMINI~1\AppData\Local\Temp\girl.jpg
2017-07-22 11:37:25.836 DEBUG 4668 --- [http-nio-8080-exec-10] c.i.v.m.s.d.MenuDao.getResUrlsByRoleId   : ==>  Preparing: select url from relation rel inner join menu m on rel.menuid = m.id where rel.roleid = ? 
2017-07-22 11:37:25.839 DEBUG 4668 --- [http-nio-8080-exec-10] c.i.v.m.s.d.MenuDao.getResUrlsByRoleId   : ==> Parameters: 1(Integer)
2017-07-22 11:37:25.851 DEBUG 4668 --- [http-nio-8080-exec-10] c.i.v.m.s.d.MenuDao.getResUrlsByRoleId   : <==      Total: 56
2017-07-22 11:37:25.919 DEBUG 4668 --- [http-nio-8080-exec-10] c.i.v.c.p.dao.RoleMapper.selectById      : ==>  Preparing: SELECT id AS id,num,pid,`name`,deptid,tips,version FROM role WHERE id=? 
2017-07-22 11:37:25.923 DEBUG 4668 --- [http-nio-8080-exec-10] c.i.v.c.p.dao.RoleMapper.selectById      : ==> Parameters: 1(Integer)
2017-07-22 11:37:25.926 DEBUG 4668 --- [http-nio-8080-exec-10] c.i.v.c.p.dao.RoleMapper.selectById      : <==      Total: 1
2017-07-22 11:37:26.474 DEBUG 4668 --- [http-nio-8080-exec-3] c.i.v.m.s.dao.UserMgrDao.selectUsers     : ==>  Preparing: select id, account, name, birthday, sex, email, avatar, phone, roleid, deptid, status, createtime, version from user where status != 3 
2017-07-22 11:37:26.478 DEBUG 4668 --- [http-nio-8080-exec-3] c.i.v.m.s.dao.UserMgrDao.selectUsers     : ==> Parameters: 
2017-07-22 11:37:26.482 DEBUG 4668 --- [http-nio-8080-exec-3] c.i.v.m.s.dao.UserMgrDao.selectUsers     : <==      Total: 2
2017-07-22 11:37:26.502 DEBUG 4668 --- [http-nio-8080-exec-3] c.i.v.c.p.dao.DictMapper.selectOne       : ==>  Preparing: SELECT id AS id,num,pid,`name`,tips FROM dict WHERE `name`=? 
2017-07-22 11:37:26.507 DEBUG 4668 --- [http-nio-8080-exec-3] c.i.v.c.p.dao.DictMapper.selectOne       : ==> Parameters: 性别(String)
2017-07-22 11:37:26.510 DEBUG 4668 --- [http-nio-8080-exec-3] c.i.v.c.p.dao.DictMapper.selectOne       : <==      Total: 1
2017-07-22 11:37:26.512 DEBUG 4668 --- [http-nio-8080-exec-7] c.i.vip.modular.system.dao.DeptDao.tree  : ==>  Preparing: select id,pid as pId,simplename as name, ( CASE WHEN (pId = 0 OR pId IS NULL) THEN 'true' ELSE 'false' END ) as isOpen from dept 
2017-07-22 11:37:26.516 DEBUG 4668 --- [http-nio-8080-exec-7] c.i.vip.modular.system.dao.DeptDao.tree  : ==> Parameters: 
2017-07-22 11:37:26.529 DEBUG 4668 --- [http-nio-8080-exec-3] c.i.v.c.p.dao.DictMapper.selectList      : ==>  Preparing: SELECT id AS id,num,pid,`name`,tips FROM dict WHERE (pid = ?) 
2017-07-22 11:37:26.533 DEBUG 4668 --- [http-nio-8080-exec-3] c.i.v.c.p.dao.DictMapper.selectList      : ==> Parameters: 29(Integer)
2017-07-22 11:37:26.535 DEBUG 4668 --- [http-nio-8080-exec-3] c.i.v.c.p.dao.DictMapper.selectList      : <==      Total: 2
2017-07-22 11:37:26.547 DEBUG 4668 --- [http-nio-8080-exec-3] c.i.v.c.p.dao.RoleMapper.selectById      : ==>  Preparing: SELECT id AS id,num,pid,`name`,deptid,tips,version FROM role WHERE id=? 
2017-07-22 11:37:26.548 DEBUG 4668 --- [http-nio-8080-exec-3] c.i.v.c.p.dao.RoleMapper.selectById      : ==> Parameters: 1(Integer)
2017-07-22 11:37:26.551 DEBUG 4668 --- [http-nio-8080-exec-3] c.i.v.c.p.dao.RoleMapper.selectById      : <==      Total: 1
2017-07-22 11:37:26.558 DEBUG 4668 --- [http-nio-8080-exec-3] c.i.v.c.p.dao.DeptMapper.selectById      : ==>  Preparing: SELECT id AS id,num,pid,pids,simplename,fullname,tips,version FROM dept WHERE id=? 
2017-07-22 11:37:26.560 DEBUG 4668 --- [http-nio-8080-exec-3] c.i.v.c.p.dao.DeptMapper.selectById      : ==> Parameters: 27(Integer)
2017-07-22 11:37:26.564 DEBUG 4668 --- [http-nio-8080-exec-7] c.i.vip.modular.system.dao.DeptDao.tree  : <==      Total: 4
2017-07-22 11:37:26.581 DEBUG 4668 --- [http-nio-8080-exec-3] c.i.v.c.p.dao.DeptMapper.selectById      : <==      Total: 1
2017-07-22 11:37:26.586 DEBUG 4668 --- [http-nio-8080-exec-3] c.i.v.c.p.dao.DictMapper.selectOne       : ==>  Preparing: SELECT id AS id,num,pid,`name`,tips FROM dict WHERE `name`=? 
2017-07-22 11:37:26.588 DEBUG 4668 --- [http-nio-8080-exec-3] c.i.v.c.p.dao.DictMapper.selectOne       : ==> Parameters: 性别(String)
2017-07-22 11:37:26.591 DEBUG 4668 --- [http-nio-8080-exec-3] c.i.v.c.p.dao.DictMapper.selectOne       : <==      Total: 1
2017-07-22 11:37:26.594 DEBUG 4668 --- [http-nio-8080-exec-3] c.i.v.c.p.dao.DictMapper.selectList      : ==>  Preparing: SELECT id AS id,num,pid,`name`,tips FROM dict WHERE (pid = ?) 
2017-07-22 11:37:26.595 DEBUG 4668 --- [http-nio-8080-exec-3] c.i.v.c.p.dao.DictMapper.selectList      : ==> Parameters: 29(Integer)
2017-07-22 11:37:26.598 DEBUG 4668 --- [http-nio-8080-exec-3] c.i.v.c.p.dao.DictMapper.selectList      : <==      Total: 2
2017-07-22 11:37:26.602 DEBUG 4668 --- [http-nio-8080-exec-3] c.i.v.c.p.dao.RoleMapper.selectById      : ==>  Preparing: SELECT id AS id,num,pid,`name`,deptid,tips,version FROM role WHERE id=? 
2017-07-22 11:37:26.603 DEBUG 4668 --- [http-nio-8080-exec-3] c.i.v.c.p.dao.RoleMapper.selectById      : ==> Parameters: 5(Integer)
2017-07-22 11:37:26.605 DEBUG 4668 --- [http-nio-8080-exec-3] c.i.v.c.p.dao.RoleMapper.selectById      : <==      Total: 1
2017-07-22 11:37:26.609 DEBUG 4668 --- [http-nio-8080-exec-3] c.i.v.c.p.dao.DeptMapper.selectById      : ==>  Preparing: SELECT id AS id,num,pid,pids,simplename,fullname,tips,version FROM dept WHERE id=? 
2017-07-22 11:37:26.610 DEBUG 4668 --- [http-nio-8080-exec-3] c.i.v.c.p.dao.DeptMapper.selectById      : ==> Parameters: 26(Integer)
2017-07-22 11:37:26.613 DEBUG 4668 --- [http-nio-8080-exec-3] c.i.v.c.p.dao.DeptMapper.selectById      : <==      Total: 1
2017-07-22 11:37:28.747 DEBUG 4668 --- [http-nio-8080-exec-7] c.i.v.m.system.dao.RoleDao.selectRoles   : ==>  Preparing: select id, num, pid, name, deptid, tips, version from role 
2017-07-22 11:37:28.751 DEBUG 4668 --- [http-nio-8080-exec-7] c.i.v.m.system.dao.RoleDao.selectRoles   : ==> Parameters: 
2017-07-22 11:37:28.756 DEBUG 4668 --- [http-nio-8080-exec-7] c.i.v.m.system.dao.RoleDao.selectRoles   : <==      Total: 2
2017-07-22 11:37:28.764 DEBUG 4668 --- [http-nio-8080-exec-7] c.i.v.c.p.dao.DeptMapper.selectById      : ==>  Preparing: SELECT id AS id,num,pid,pids,simplename,fullname,tips,version FROM dept WHERE id=? 
2017-07-22 11:37:28.765 DEBUG 4668 --- [http-nio-8080-exec-7] c.i.v.c.p.dao.DeptMapper.selectById      : ==> Parameters: 24(Integer)
2017-07-22 11:37:28.768 DEBUG 4668 --- [http-nio-8080-exec-7] c.i.v.c.p.dao.DeptMapper.selectById      : <==      Total: 1
2017-07-22 11:37:28.771 DEBUG 4668 --- [http-nio-8080-exec-7] c.i.v.c.p.dao.RoleMapper.selectById      : ==>  Preparing: SELECT id AS id,num,pid,`name`,deptid,tips,version FROM role WHERE id=? 
2017-07-22 11:37:28.772 DEBUG 4668 --- [http-nio-8080-exec-7] c.i.v.c.p.dao.RoleMapper.selectById      : ==> Parameters: 1(Integer)
2017-07-22 11:37:28.775 DEBUG 4668 --- [http-nio-8080-exec-7] c.i.v.c.p.dao.RoleMapper.selectById      : <==      Total: 1
2017-07-22 11:37:34.707 DEBUG 4668 --- [http-nio-8080-exec-1] c.i.vip.modular.system.dao.DictDao.list  : ==>  Preparing: select * from dict where pid = 0 order by id ASC 
2017-07-22 11:37:34.709 DEBUG 4668 --- [http-nio-8080-exec-1] c.i.vip.modular.system.dao.DictDao.list  : ==> Parameters: 
2017-07-22 11:37:34.713 DEBUG 4668 --- [http-nio-8080-exec-1] c.i.vip.modular.system.dao.DictDao.list  : <==      Total: 3
2017-07-22 11:37:34.716 DEBUG 4668 --- [http-nio-8080-exec-1] c.i.v.c.p.dao.DictMapper.selectList      : ==>  Preparing: SELECT id AS id,num,pid,`name`,tips FROM dict WHERE (pid = ?) 
2017-07-22 11:37:34.718 DEBUG 4668 --- [http-nio-8080-exec-1] c.i.v.c.p.dao.DictMapper.selectList      : ==> Parameters: 16(Integer)
2017-07-22 11:37:34.721 DEBUG 4668 --- [http-nio-8080-exec-1] c.i.v.c.p.dao.DictMapper.selectList      : <==      Total: 2
2017-07-22 11:37:34.726 DEBUG 4668 --- [http-nio-8080-exec-1] c.i.v.c.p.dao.DictMapper.selectList      : ==>  Preparing: SELECT id AS id,num,pid,`name`,tips FROM dict WHERE (pid = ?) 
2017-07-22 11:37:34.727 DEBUG 4668 --- [http-nio-8080-exec-1] c.i.v.c.p.dao.DictMapper.selectList      : ==> Parameters: 29(Integer)
2017-07-22 11:37:34.730 DEBUG 4668 --- [http-nio-8080-exec-1] c.i.v.c.p.dao.DictMapper.selectList      : <==      Total: 2
2017-07-22 11:37:34.739 DEBUG 4668 --- [http-nio-8080-exec-1] c.i.v.c.p.dao.DictMapper.selectList      : ==>  Preparing: SELECT id AS id,num,pid,`name`,tips FROM dict WHERE (pid = ?) 
2017-07-22 11:37:34.740 DEBUG 4668 --- [http-nio-8080-exec-1] c.i.v.c.p.dao.DictMapper.selectList      : ==> Parameters: 35(Integer)
2017-07-22 11:37:34.743 DEBUG 4668 --- [http-nio-8080-exec-1] c.i.v.c.p.dao.DictMapper.selectList      : <==      Total: 3
2017-07-22 11:37:39.171 DEBUG 4668 --- [http-nio-8080-exec-6] c.i.v.m.s.dao.LogDao.getOperationLogs    : ==>  Preparing: SELECT COUNT(1) FROM operation_log WHERE 1 = 1 
2017-07-22 11:37:39.178 DEBUG 4668 --- [http-nio-8080-exec-6] c.i.v.m.s.dao.LogDao.getOperationLogs    : ==> Parameters: 
2017-07-22 11:37:39.288 DEBUG 4668 --- [http-nio-8080-exec-6] c.i.v.m.s.dao.LogDao.getOperationLogs    : ==>  Preparing: select * from operation_log where 1 = 1 order by createtime DESC LIMIT 0,14 
2017-07-22 11:37:39.292 DEBUG 4668 --- [http-nio-8080-exec-6] c.i.v.m.s.dao.LogDao.getOperationLogs    : ==> Parameters: 
2017-07-22 11:37:39.310 DEBUG 4668 --- [http-nio-8080-exec-6] c.i.v.m.s.dao.LogDao.getOperationLogs    : <==      Total: 11
2017-07-22 11:37:39.314 DEBUG 4668 --- [http-nio-8080-exec-6] c.i.v.c.p.dao.UserMapper.selectById      : ==>  Preparing: SELECT id AS id,avatar,account,`password`,salt,`name`,birthday,sex,email,phone,roleid,deptid,`status`,createtime,version FROM user WHERE id=? 
2017-07-22 11:37:39.315 DEBUG 4668 --- [http-nio-8080-exec-6] c.i.v.c.p.dao.UserMapper.selectById      : ==> Parameters: 1(Integer)
2017-07-22 11:37:39.322 DEBUG 4668 --- [http-nio-8080-exec-6] c.i.v.c.p.dao.UserMapper.selectById      : <==      Total: 1
2017-07-22 11:37:39.324 DEBUG 4668 --- [http-nio-8080-exec-6] c.i.v.c.p.dao.UserMapper.selectById      : ==>  Preparing: SELECT id AS id,avatar,account,`password`,salt,`name`,birthday,sex,email,phone,roleid,deptid,`status`,createtime,version FROM user WHERE id=? 
2017-07-22 11:37:39.326 DEBUG 4668 --- [http-nio-8080-exec-6] c.i.v.c.p.dao.UserMapper.selectById      : ==> Parameters: 1(Integer)
2017-07-22 11:37:39.329 DEBUG 4668 --- [http-nio-8080-exec-6] c.i.v.c.p.dao.UserMapper.selectById      : <==      Total: 1
2017-07-22 11:37:39.332 DEBUG 4668 --- [http-nio-8080-exec-6] c.i.v.c.p.dao.UserMapper.selectById      : ==>  Preparing: SELECT id AS id,avatar,account,`password`,salt,`name`,birthday,sex,email,phone,roleid,deptid,`status`,createtime,version FROM user WHERE id=? 
2017-07-22 11:37:39.333 DEBUG 4668 --- [http-nio-8080-exec-6] c.i.v.c.p.dao.UserMapper.selectById      : ==> Parameters: 1(Integer)
2017-07-22 11:37:39.337 DEBUG 4668 --- [http-nio-8080-exec-6] c.i.v.c.p.dao.UserMapper.selectById      : <==      Total: 1
2017-07-22 11:37:39.339 DEBUG 4668 --- [http-nio-8080-exec-6] c.i.v.c.p.dao.UserMapper.selectById      : ==>  Preparing: SELECT id AS id,avatar,account,`password`,salt,`name`,birthday,sex,email,phone,roleid,deptid,`status`,createtime,version FROM user WHERE id=? 
2017-07-22 11:37:39.340 DEBUG 4668 --- [http-nio-8080-exec-6] c.i.v.c.p.dao.UserMapper.selectById      : ==> Parameters: 1(Integer)
2017-07-22 11:37:39.345 DEBUG 4668 --- [http-nio-8080-exec-6] c.i.v.c.p.dao.UserMapper.selectById      : <==      Total: 1
2017-07-22 11:37:39.348 DEBUG 4668 --- [http-nio-8080-exec-6] c.i.v.c.p.dao.UserMapper.selectById      : ==>  Preparing: SELECT id AS id,avatar,account,`password`,salt,`name`,birthday,sex,email,phone,roleid,deptid,`status`,createtime,version FROM user WHERE id=? 
2017-07-22 11:37:39.349 DEBUG 4668 --- [http-nio-8080-exec-6] c.i.v.c.p.dao.UserMapper.selectById      : ==> Parameters: 1(Integer)
2017-07-22 11:37:39.365 DEBUG 4668 --- [http-nio-8080-exec-6] c.i.v.c.p.dao.UserMapper.selectById      : <==      Total: 1
2017-07-22 11:37:39.368 DEBUG 4668 --- [http-nio-8080-exec-6] c.i.v.c.p.dao.UserMapper.selectById      : ==>  Preparing: SELECT id AS id,avatar,account,`password`,salt,`name`,birthday,sex,email,phone,roleid,deptid,`status`,createtime,version FROM user WHERE id=? 
2017-07-22 11:37:39.369 DEBUG 4668 --- [http-nio-8080-exec-6] c.i.v.c.p.dao.UserMapper.selectById      : ==> Parameters: 1(Integer)
2017-07-22 11:37:39.371 DEBUG 4668 --- [http-nio-8080-exec-6] c.i.v.c.p.dao.UserMapper.selectById      : <==      Total: 1
2017-07-22 11:37:39.374 DEBUG 4668 --- [http-nio-8080-exec-6] c.i.v.c.p.dao.UserMapper.selectById      : ==>  Preparing: SELECT id AS id,avatar,account,`password`,salt,`name`,birthday,sex,email,phone,roleid,deptid,`status`,createtime,version FROM user WHERE id=? 
2017-07-22 11:37:39.376 DEBUG 4668 --- [http-nio-8080-exec-6] c.i.v.c.p.dao.UserMapper.selectById      : ==> Parameters: 1(Integer)
2017-07-22 11:37:39.379 DEBUG 4668 --- [http-nio-8080-exec-6] c.i.v.c.p.dao.UserMapper.selectById      : <==      Total: 1
2017-07-22 11:37:39.383 DEBUG 4668 --- [http-nio-8080-exec-6] c.i.v.c.p.dao.UserMapper.selectById      : ==>  Preparing: SELECT id AS id,avatar,account,`password`,salt,`name`,birthday,sex,email,phone,roleid,deptid,`status`,createtime,version FROM user WHERE id=? 
2017-07-22 11:37:39.384 DEBUG 4668 --- [http-nio-8080-exec-6] c.i.v.c.p.dao.UserMapper.selectById      : ==> Parameters: 1(Integer)
2017-07-22 11:37:39.396 DEBUG 4668 --- [http-nio-8080-exec-6] c.i.v.c.p.dao.UserMapper.selectById      : <==      Total: 1
2017-07-22 11:37:39.409 DEBUG 4668 --- [http-nio-8080-exec-6] c.i.v.c.p.dao.UserMapper.selectById      : ==>  Preparing: SELECT id AS id,avatar,account,`password`,salt,`name`,birthday,sex,email,phone,roleid,deptid,`status`,createtime,version FROM user WHERE id=? 
2017-07-22 11:37:39.414 DEBUG 4668 --- [http-nio-8080-exec-6] c.i.v.c.p.dao.UserMapper.selectById      : ==> Parameters: 1(Integer)
2017-07-22 11:37:39.419 DEBUG 4668 --- [http-nio-8080-exec-6] c.i.v.c.p.dao.UserMapper.selectById      : <==      Total: 1
2017-07-22 11:37:39.421 DEBUG 4668 --- [http-nio-8080-exec-6] c.i.v.c.p.dao.UserMapper.selectById      : ==>  Preparing: SELECT id AS id,avatar,account,`password`,salt,`name`,birthday,sex,email,phone,roleid,deptid,`status`,createtime,version FROM user WHERE id=? 
2017-07-22 11:37:39.423 DEBUG 4668 --- [http-nio-8080-exec-6] c.i.v.c.p.dao.UserMapper.selectById      : ==> Parameters: 1(Integer)
2017-07-22 11:37:39.430 DEBUG 4668 --- [http-nio-8080-exec-6] c.i.v.c.p.dao.UserMapper.selectById      : <==      Total: 1
2017-07-22 11:37:39.433 DEBUG 4668 --- [http-nio-8080-exec-6] c.i.v.c.p.dao.UserMapper.selectById      : ==>  Preparing: SELECT id AS id,avatar,account,`password`,salt,`name`,birthday,sex,email,phone,roleid,deptid,`status`,createtime,version FROM user WHERE id=? 
2017-07-22 11:37:39.434 DEBUG 4668 --- [http-nio-8080-exec-6] c.i.v.c.p.dao.UserMapper.selectById      : ==> Parameters: 1(Integer)
2017-07-22 11:37:39.437 DEBUG 4668 --- [http-nio-8080-exec-6] c.i.v.c.p.dao.UserMapper.selectById      : <==      Total: 1
2017-07-22 11:37:53.514 DEBUG 4668 --- [http-nio-8080-exec-3] c.i.v.c.p.d.O.selectById                 : ==>  Preparing: SELECT id AS id,logtype,logname,userid,classname,`method`,createtime,succeed,message FROM operation_log WHERE id=? 
2017-07-22 11:37:53.516 DEBUG 4668 --- [http-nio-8080-exec-3] c.i.v.c.p.d.O.selectById                 : ==> Parameters: 490(Integer)
2017-07-22 11:37:53.518 DEBUG 4668 --- [http-nio-8080-exec-3] c.i.v.c.p.d.O.selectById                 : <==      Total: 1
2017-07-22 11:37:53.558 DEBUG 4668 --- [http-nio-8080-exec-3] c.i.v.c.p.dao.UserMapper.selectById      : ==>  Preparing: SELECT id AS id,avatar,account,`password`,salt,`name`,birthday,sex,email,phone,roleid,deptid,`status`,createtime,version FROM user WHERE id=? 
2017-07-22 11:37:53.559 DEBUG 4668 --- [http-nio-8080-exec-3] c.i.v.c.p.dao.UserMapper.selectById      : ==> Parameters: 1(Integer)
2017-07-22 11:37:53.565 DEBUG 4668 --- [http-nio-8080-exec-3] c.i.v.c.p.dao.UserMapper.selectById      : <==      Total: 1
2017-07-22 11:38:08.358 DEBUG 4668 --- [http-nio-8080-exec-6] c.i.v.m.s.dao.LogDao.getOperationLogs    : ==>  Preparing: SELECT COUNT(1) FROM operation_log WHERE 1 = 1 
2017-07-22 11:38:08.359 DEBUG 4668 --- [http-nio-8080-exec-6] c.i.v.m.s.dao.LogDao.getOperationLogs    : ==> Parameters: 
2017-07-22 11:38:08.364 DEBUG 4668 --- [http-nio-8080-exec-6] c.i.v.m.s.dao.LogDao.getOperationLogs    : ==>  Preparing: select * from operation_log where 1 = 1 order by classname DESC LIMIT 0,14 
2017-07-22 11:38:08.366 DEBUG 4668 --- [http-nio-8080-exec-6] c.i.v.m.s.dao.LogDao.getOperationLogs    : ==> Parameters: 
2017-07-22 11:38:08.381 DEBUG 4668 --- [http-nio-8080-exec-6] c.i.v.m.s.dao.LogDao.getOperationLogs    : <==      Total: 11
2017-07-22 11:38:08.383 DEBUG 4668 --- [http-nio-8080-exec-6] c.i.v.c.p.dao.UserMapper.selectById      : ==>  Preparing: SELECT id AS id,avatar,account,`password`,salt,`name`,birthday,sex,email,phone,roleid,deptid,`status`,createtime,version FROM user WHERE id=? 
2017-07-22 11:38:08.384 DEBUG 4668 --- [http-nio-8080-exec-6] c.i.v.c.p.dao.UserMapper.selectById      : ==> Parameters: 1(Integer)
2017-07-22 11:38:08.387 DEBUG 4668 --- [http-nio-8080-exec-6] c.i.v.c.p.dao.UserMapper.selectById      : <==      Total: 1
2017-07-22 11:38:08.388 DEBUG 4668 --- [http-nio-8080-exec-6] c.i.v.c.p.dao.UserMapper.selectById      : ==>  Preparing: SELECT id AS id,avatar,account,`password`,salt,`name`,birthday,sex,email,phone,roleid,deptid,`status`,createtime,version FROM user WHERE id=? 
2017-07-22 11:38:08.389 DEBUG 4668 --- [http-nio-8080-exec-6] c.i.v.c.p.dao.UserMapper.selectById      : ==> Parameters: 1(Integer)
2017-07-22 11:38:08.392 DEBUG 4668 --- [http-nio-8080-exec-6] c.i.v.c.p.dao.UserMapper.selectById      : <==      Total: 1
2017-07-22 11:38:08.394 DEBUG 4668 --- [http-nio-8080-exec-6] c.i.v.c.p.dao.UserMapper.selectById      : ==>  Preparing: SELECT id AS id,avatar,account,`password`,salt,`name`,birthday,sex,email,phone,roleid,deptid,`status`,createtime,version FROM user WHERE id=? 
2017-07-22 11:38:08.400 DEBUG 4668 --- [http-nio-8080-exec-6] c.i.v.c.p.dao.UserMapper.selectById      : ==> Parameters: 1(Integer)
2017-07-22 11:38:08.408 DEBUG 4668 --- [http-nio-8080-exec-6] c.i.v.c.p.dao.UserMapper.selectById      : <==      Total: 1
2017-07-22 11:38:08.410 DEBUG 4668 --- [http-nio-8080-exec-6] c.i.v.c.p.dao.UserMapper.selectById      : ==>  Preparing: SELECT id AS id,avatar,account,`password`,salt,`name`,birthday,sex,email,phone,roleid,deptid,`status`,createtime,version FROM user WHERE id=? 
2017-07-22 11:38:08.411 DEBUG 4668 --- [http-nio-8080-exec-6] c.i.v.c.p.dao.UserMapper.selectById      : ==> Parameters: 1(Integer)
2017-07-22 11:38:08.416 DEBUG 4668 --- [http-nio-8080-exec-6] c.i.v.c.p.dao.UserMapper.selectById      : <==      Total: 1
2017-07-22 11:38:08.418 DEBUG 4668 --- [http-nio-8080-exec-6] c.i.v.c.p.dao.UserMapper.selectById      : ==>  Preparing: SELECT id AS id,avatar,account,`password`,salt,`name`,birthday,sex,email,phone,roleid,deptid,`status`,createtime,version FROM user WHERE id=? 
2017-07-22 11:38:08.419 DEBUG 4668 --- [http-nio-8080-exec-6] c.i.v.c.p.dao.UserMapper.selectById      : ==> Parameters: 1(Integer)
2017-07-22 11:38:08.421 DEBUG 4668 --- [http-nio-8080-exec-6] c.i.v.c.p.dao.UserMapper.selectById      : <==      Total: 1
2017-07-22 11:38:08.423 DEBUG 4668 --- [http-nio-8080-exec-6] c.i.v.c.p.dao.UserMapper.selectById      : ==>  Preparing: SELECT id AS id,avatar,account,`password`,salt,`name`,birthday,sex,email,phone,roleid,deptid,`status`,createtime,version FROM user WHERE id=? 
2017-07-22 11:38:08.424 DEBUG 4668 --- [http-nio-8080-exec-6] c.i.v.c.p.dao.UserMapper.selectById      : ==> Parameters: 1(Integer)
2017-07-22 11:38:08.427 DEBUG 4668 --- [http-nio-8080-exec-6] c.i.v.c.p.dao.UserMapper.selectById      : <==      Total: 1
2017-07-22 11:38:08.430 DEBUG 4668 --- [http-nio-8080-exec-6] c.i.v.c.p.dao.UserMapper.selectById      : ==>  Preparing: SELECT id AS id,avatar,account,`password`,salt,`name`,birthday,sex,email,phone,roleid,deptid,`status`,createtime,version FROM user WHERE id=? 
2017-07-22 11:38:08.431 DEBUG 4668 --- [http-nio-8080-exec-6] c.i.v.c.p.dao.UserMapper.selectById      : ==> Parameters: 1(Integer)
2017-07-22 11:38:08.433 DEBUG 4668 --- [http-nio-8080-exec-6] c.i.v.c.p.dao.UserMapper.selectById      : <==      Total: 1
2017-07-22 11:38:08.436 DEBUG 4668 --- [http-nio-8080-exec-6] c.i.v.c.p.dao.UserMapper.selectById      : ==>  Preparing: SELECT id AS id,avatar,account,`password`,salt,`name`,birthday,sex,email,phone,roleid,deptid,`status`,createtime,version FROM user WHERE id=? 
2017-07-22 11:38:08.437 DEBUG 4668 --- [http-nio-8080-exec-6] c.i.v.c.p.dao.UserMapper.selectById      : ==> Parameters: 1(Integer)
2017-07-22 11:38:08.440 DEBUG 4668 --- [http-nio-8080-exec-6] c.i.v.c.p.dao.UserMapper.selectById      : <==      Total: 1
2017-07-22 11:38:08.442 DEBUG 4668 --- [http-nio-8080-exec-6] c.i.v.c.p.dao.UserMapper.selectById      : ==>  Preparing: SELECT id AS id,avatar,account,`password`,salt,`name`,birthday,sex,email,phone,roleid,deptid,`status`,createtime,version FROM user WHERE id=? 
2017-07-22 11:38:08.443 DEBUG 4668 --- [http-nio-8080-exec-6] c.i.v.c.p.dao.UserMapper.selectById      : ==> Parameters: 1(Integer)
2017-07-22 11:38:08.447 DEBUG 4668 --- [http-nio-8080-exec-6] c.i.v.c.p.dao.UserMapper.selectById      : <==      Total: 1
2017-07-22 11:38:08.449 DEBUG 4668 --- [http-nio-8080-exec-6] c.i.v.c.p.dao.UserMapper.selectById      : ==>  Preparing: SELECT id AS id,avatar,account,`password`,salt,`name`,birthday,sex,email,phone,roleid,deptid,`status`,createtime,version FROM user WHERE id=? 
2017-07-22 11:38:08.450 DEBUG 4668 --- [http-nio-8080-exec-6] c.i.v.c.p.dao.UserMapper.selectById      : ==> Parameters: 1(Integer)
2017-07-22 11:38:08.452 DEBUG 4668 --- [http-nio-8080-exec-6] c.i.v.c.p.dao.UserMapper.selectById      : <==      Total: 1
2017-07-22 11:38:08.454 DEBUG 4668 --- [http-nio-8080-exec-6] c.i.v.c.p.dao.UserMapper.selectById      : ==>  Preparing: SELECT id AS id,avatar,account,`password`,salt,`name`,birthday,sex,email,phone,roleid,deptid,`status`,createtime,version FROM user WHERE id=? 
2017-07-22 11:38:08.456 DEBUG 4668 --- [http-nio-8080-exec-6] c.i.v.c.p.dao.UserMapper.selectById      : ==> Parameters: 1(Integer)
2017-07-22 11:38:08.464 DEBUG 4668 --- [http-nio-8080-exec-6] c.i.v.c.p.dao.UserMapper.selectById      : <==      Total: 1
2017-07-22 11:39:40.565 DEBUG 4668 --- [http-nio-8080-exec-1] c.i.v.modular.system.dao.NoticeDao.list  : ==>  Preparing: select * from notice order by createtime DESC 
2017-07-22 11:39:40.567 DEBUG 4668 --- [http-nio-8080-exec-1] c.i.v.modular.system.dao.NoticeDao.list  : ==> Parameters: 
2017-07-22 11:39:40.570 DEBUG 4668 --- [http-nio-8080-exec-1] c.i.v.modular.system.dao.NoticeDao.list  : <==      Total: 2
2017-07-22 11:39:40.572 DEBUG 4668 --- [http-nio-8080-exec-1] c.i.v.c.p.dao.UserMapper.selectById      : ==>  Preparing: SELECT id AS id,avatar,account,`password`,salt,`name`,birthday,sex,email,phone,roleid,deptid,`status`,createtime,version FROM user WHERE id=? 
2017-07-22 11:39:40.573 DEBUG 4668 --- [http-nio-8080-exec-1] c.i.v.c.p.dao.UserMapper.selectById      : ==> Parameters: 1(Integer)
2017-07-22 11:39:40.576 DEBUG 4668 --- [http-nio-8080-exec-1] c.i.v.c.p.dao.UserMapper.selectById      : <==      Total: 1
2017-07-22 11:39:40.579 DEBUG 4668 --- [http-nio-8080-exec-1] c.i.v.c.p.dao.UserMapper.selectById      : ==>  Preparing: SELECT id AS id,avatar,account,`password`,salt,`name`,birthday,sex,email,phone,roleid,deptid,`status`,createtime,version FROM user WHERE id=? 
2017-07-22 11:39:40.580 DEBUG 4668 --- [http-nio-8080-exec-1] c.i.v.c.p.dao.UserMapper.selectById      : ==> Parameters: 1(Integer)
2017-07-22 11:39:40.583 DEBUG 4668 --- [http-nio-8080-exec-1] c.i.v.c.p.dao.UserMapper.selectById      : <==      Total: 1
2017-07-22 11:40:10.215 DEBUG 4668 --- [http-nio-8080-exec-3] c.i.v.m.system.dao.LogDao.getLoginLogs   : ==>  Preparing: SELECT COUNT(1) FROM login_log WHERE 1 = 1 
2017-07-22 11:40:10.217 DEBUG 4668 --- [http-nio-8080-exec-3] c.i.v.m.system.dao.LogDao.getLoginLogs   : ==> Parameters: 
2017-07-22 11:40:10.220 DEBUG 4668 --- [http-nio-8080-exec-3] c.i.v.m.system.dao.LogDao.getLoginLogs   : ==>  Preparing: select * from login_log where 1 = 1 order by createtime DESC LIMIT 0,14 
2017-07-22 11:40:10.223 DEBUG 4668 --- [http-nio-8080-exec-3] c.i.v.m.system.dao.LogDao.getLoginLogs   : ==> Parameters: 
2017-07-22 11:40:10.231 DEBUG 4668 --- [http-nio-8080-exec-3] c.i.v.m.system.dao.LogDao.getLoginLogs   : <==      Total: 14
2017-07-22 11:40:10.233 DEBUG 4668 --- [http-nio-8080-exec-3] c.i.v.c.p.dao.UserMapper.selectById      : ==>  Preparing: SELECT id AS id,avatar,account,`password`,salt,`name`,birthday,sex,email,phone,roleid,deptid,`status`,createtime,version FROM user WHERE id=? 
2017-07-22 11:40:10.234 DEBUG 4668 --- [http-nio-8080-exec-3] c.i.v.c.p.dao.UserMapper.selectById      : ==> Parameters: 1(Integer)
2017-07-22 11:40:10.237 DEBUG 4668 --- [http-nio-8080-exec-3] c.i.v.c.p.dao.UserMapper.selectById      : <==      Total: 1
2017-07-22 11:40:10.239 DEBUG 4668 --- [http-nio-8080-exec-3] c.i.v.c.p.dao.UserMapper.selectById      : ==>  Preparing: SELECT id AS id,avatar,account,`password`,salt,`name`,birthday,sex,email,phone,roleid,deptid,`status`,createtime,version FROM user WHERE id=? 
2017-07-22 11:40:10.240 DEBUG 4668 --- [http-nio-8080-exec-3] c.i.v.c.p.dao.UserMapper.selectById      : ==> Parameters: 1(Integer)
2017-07-22 11:40:10.243 DEBUG 4668 --- [http-nio-8080-exec-3] c.i.v.c.p.dao.UserMapper.selectById      : <==      Total: 1
2017-07-22 11:40:10.245 DEBUG 4668 --- [http-nio-8080-exec-3] c.i.v.c.p.dao.UserMapper.selectById      : ==>  Preparing: SELECT id AS id,avatar,account,`password`,salt,`name`,birthday,sex,email,phone,roleid,deptid,`status`,createtime,version FROM user WHERE id=? 
2017-07-22 11:40:10.246 DEBUG 4668 --- [http-nio-8080-exec-3] c.i.v.c.p.dao.UserMapper.selectById      : ==> Parameters: 1(Integer)
2017-07-22 11:40:10.249 DEBUG 4668 --- [http-nio-8080-exec-3] c.i.v.c.p.dao.UserMapper.selectById      : <==      Total: 1
2017-07-22 11:40:10.251 DEBUG 4668 --- [http-nio-8080-exec-3] c.i.v.c.p.dao.UserMapper.selectById      : ==>  Preparing: SELECT id AS id,avatar,account,`password`,salt,`name`,birthday,sex,email,phone,roleid,deptid,`status`,createtime,version FROM user WHERE id=? 
2017-07-22 11:40:10.252 DEBUG 4668 --- [http-nio-8080-exec-3] c.i.v.c.p.dao.UserMapper.selectById      : ==> Parameters: 1(Integer)
2017-07-22 11:40:10.258 DEBUG 4668 --- [http-nio-8080-exec-3] c.i.v.c.p.dao.UserMapper.selectById      : <==      Total: 1
2017-07-22 11:40:10.259 DEBUG 4668 --- [http-nio-8080-exec-3] c.i.v.c.p.dao.UserMapper.selectById      : ==>  Preparing: SELECT id AS id,avatar,account,`password`,salt,`name`,birthday,sex,email,phone,roleid,deptid,`status`,createtime,version FROM user WHERE id=? 
2017-07-22 11:40:10.260 DEBUG 4668 --- [http-nio-8080-exec-3] c.i.v.c.p.dao.UserMapper.selectById      : ==> Parameters: 1(Integer)
2017-07-22 11:40:10.267 DEBUG 4668 --- [http-nio-8080-exec-3] c.i.v.c.p.dao.UserMapper.selectById      : <==      Total: 1
2017-07-22 11:40:10.270 DEBUG 4668 --- [http-nio-8080-exec-3] c.i.v.c.p.dao.UserMapper.selectById      : ==>  Preparing: SELECT id AS id,avatar,account,`password`,salt,`name`,birthday,sex,email,phone,roleid,deptid,`status`,createtime,version FROM user WHERE id=? 
2017-07-22 11:40:10.271 DEBUG 4668 --- [http-nio-8080-exec-3] c.i.v.c.p.dao.UserMapper.selectById      : ==> Parameters: 1(Integer)
2017-07-22 11:40:10.275 DEBUG 4668 --- [http-nio-8080-exec-3] c.i.v.c.p.dao.UserMapper.selectById      : <==      Total: 1
2017-07-22 11:40:10.276 DEBUG 4668 --- [http-nio-8080-exec-3] c.i.v.c.p.dao.UserMapper.selectById      : ==>  Preparing: SELECT id AS id,avatar,account,`password`,salt,`name`,birthday,sex,email,phone,roleid,deptid,`status`,createtime,version FROM user WHERE id=? 
2017-07-22 11:40:10.277 DEBUG 4668 --- [http-nio-8080-exec-3] c.i.v.c.p.dao.UserMapper.selectById      : ==> Parameters: 1(Integer)
2017-07-22 11:40:10.280 DEBUG 4668 --- [http-nio-8080-exec-3] c.i.v.c.p.dao.UserMapper.selectById      : <==      Total: 1
2017-07-22 11:40:10.282 DEBUG 4668 --- [http-nio-8080-exec-3] c.i.v.c.p.dao.UserMapper.selectById      : ==>  Preparing: SELECT id AS id,avatar,account,`password`,salt,`name`,birthday,sex,email,phone,roleid,deptid,`status`,createtime,version FROM user WHERE id=? 
2017-07-22 11:40:10.283 DEBUG 4668 --- [http-nio-8080-exec-3] c.i.v.c.p.dao.UserMapper.selectById      : ==> Parameters: 1(Integer)
2017-07-22 11:40:10.288 DEBUG 4668 --- [http-nio-8080-exec-3] c.i.v.c.p.dao.UserMapper.selectById      : <==      Total: 1
2017-07-22 11:40:10.290 DEBUG 4668 --- [http-nio-8080-exec-3] c.i.v.c.p.dao.UserMapper.selectById      : ==>  Preparing: SELECT id AS id,avatar,account,`password`,salt,`name`,birthday,sex,email,phone,roleid,deptid,`status`,createtime,version FROM user WHERE id=? 
2017-07-22 11:40:10.291 DEBUG 4668 --- [http-nio-8080-exec-3] c.i.v.c.p.dao.UserMapper.selectById      : ==> Parameters: 1(Integer)
2017-07-22 11:40:10.306 DEBUG 4668 --- [http-nio-8080-exec-3] c.i.v.c.p.dao.UserMapper.selectById      : <==      Total: 1
2017-07-22 11:40:10.309 DEBUG 4668 --- [http-nio-8080-exec-3] c.i.v.c.p.dao.UserMapper.selectById      : ==>  Preparing: SELECT id AS id,avatar,account,`password`,salt,`name`,birthday,sex,email,phone,roleid,deptid,`status`,createtime,version FROM user WHERE id=? 
2017-07-22 11:40:10.310 DEBUG 4668 --- [http-nio-8080-exec-3] c.i.v.c.p.dao.UserMapper.selectById      : ==> Parameters: 1(Integer)
2017-07-22 11:40:10.313 DEBUG 4668 --- [http-nio-8080-exec-3] c.i.v.c.p.dao.UserMapper.selectById      : <==      Total: 1
2017-07-22 11:40:10.315 DEBUG 4668 --- [http-nio-8080-exec-3] c.i.v.c.p.dao.UserMapper.selectById      : ==>  Preparing: SELECT id AS id,avatar,account,`password`,salt,`name`,birthday,sex,email,phone,roleid,deptid,`status`,createtime,version FROM user WHERE id=? 
2017-07-22 11:40:10.317 DEBUG 4668 --- [http-nio-8080-exec-3] c.i.v.c.p.dao.UserMapper.selectById      : ==> Parameters: 1(Integer)
2017-07-22 11:40:10.320 DEBUG 4668 --- [http-nio-8080-exec-3] c.i.v.c.p.dao.UserMapper.selectById      : <==      Total: 1
2017-07-22 11:40:10.323 DEBUG 4668 --- [http-nio-8080-exec-3] c.i.v.c.p.dao.UserMapper.selectById      : ==>  Preparing: SELECT id AS id,avatar,account,`password`,salt,`name`,birthday,sex,email,phone,roleid,deptid,`status`,createtime,version FROM user WHERE id=? 
2017-07-22 11:40:10.324 DEBUG 4668 --- [http-nio-8080-exec-3] c.i.v.c.p.dao.UserMapper.selectById      : ==> Parameters: 1(Integer)
2017-07-22 11:40:10.327 DEBUG 4668 --- [http-nio-8080-exec-3] c.i.v.c.p.dao.UserMapper.selectById      : <==      Total: 1
2017-07-22 11:40:10.332 DEBUG 4668 --- [http-nio-8080-exec-3] c.i.v.c.p.dao.UserMapper.selectById      : ==>  Preparing: SELECT id AS id,avatar,account,`password`,salt,`name`,birthday,sex,email,phone,roleid,deptid,`status`,createtime,version FROM user WHERE id=? 
2017-07-22 11:40:10.335 DEBUG 4668 --- [http-nio-8080-exec-3] c.i.v.c.p.dao.UserMapper.selectById      : ==> Parameters: null
2017-07-22 11:40:10.378 DEBUG 4668 --- [http-nio-8080-exec-3] c.i.v.c.p.dao.UserMapper.selectById      : <==      Total: 0
2017-07-22 11:40:10.380 DEBUG 4668 --- [http-nio-8080-exec-3] c.i.v.c.p.dao.UserMapper.selectById      : ==>  Preparing: SELECT id AS id,avatar,account,`password`,salt,`name`,birthday,sex,email,phone,roleid,deptid,`status`,createtime,version FROM user WHERE id=? 
2017-07-22 11:40:10.381 DEBUG 4668 --- [http-nio-8080-exec-3] c.i.v.c.p.dao.UserMapper.selectById      : ==> Parameters: 1(Integer)
2017-07-22 11:40:10.396 DEBUG 4668 --- [http-nio-8080-exec-3] c.i.v.c.p.dao.UserMapper.selectById      : <==      Total: 1
2017-07-22 11:40:19.015 DEBUG 4668 --- [http-nio-8080-exec-6] c.i.v.m.system.dao.MenuDao.selectMenus   : ==>  Preparing: select id, code, pcode, name, icon, url, num, levels,pcodes, tips, status,isopen,ismenu from menu where status = 1 
2017-07-22 11:40:19.017 DEBUG 4668 --- [http-nio-8080-exec-6] c.i.v.m.system.dao.MenuDao.selectMenus   : ==> Parameters: 
2017-07-22 11:40:19.030 DEBUG 4668 --- [http-nio-8080-exec-6] c.i.v.m.system.dao.MenuDao.selectMenus   : <==      Total: 56
2017-07-22 11:40:20.460 DEBUG 4668 --- [http-nio-8080-exec-1] c.i.vip.modular.system.dao.DeptDao.list  : ==>  Preparing: select * from dept order by num ASC 
2017-07-22 11:40:20.462 DEBUG 4668 --- [http-nio-8080-exec-1] c.i.vip.modular.system.dao.DeptDao.list  : ==> Parameters: 
2017-07-22 11:40:20.465 DEBUG 4668 --- [http-nio-8080-exec-1] c.i.vip.modular.system.dao.DeptDao.list  : <==      Total: 4
2017-07-22 11:40:35.621 DEBUG 4668 --- [http-nio-8080-exec-7] c.i.v.m.s.dao.UserMgrDao.selectUsers     : ==>  Preparing: select id, account, name, birthday, sex, email, avatar, phone, roleid, deptid, status, createtime, version from user where status != 3 
2017-07-22 11:40:35.622 DEBUG 4668 --- [http-nio-8080-exec-7] c.i.v.m.s.dao.UserMgrDao.selectUsers     : ==> Parameters: 
2017-07-22 11:40:35.625 DEBUG 4668 --- [http-nio-8080-exec-7] c.i.v.m.s.dao.UserMgrDao.selectUsers     : <==      Total: 2
2017-07-22 11:40:35.627 DEBUG 4668 --- [http-nio-8080-exec-7] c.i.v.c.p.dao.DictMapper.selectOne       : ==>  Preparing: SELECT id AS id,num,pid,`name`,tips FROM dict WHERE `name`=? 
2017-07-22 11:40:35.629 DEBUG 4668 --- [http-nio-8080-exec-7] c.i.v.c.p.dao.DictMapper.selectOne       : ==> Parameters: 性别(String)
2017-07-22 11:40:35.631 DEBUG 4668 --- [http-nio-8080-exec-7] c.i.v.c.p.dao.DictMapper.selectOne       : <==      Total: 1
2017-07-22 11:40:35.636 DEBUG 4668 --- [http-nio-8080-exec-7] c.i.v.c.p.dao.DictMapper.selectList      : ==>  Preparing: SELECT id AS id,num,pid,`name`,tips FROM dict WHERE (pid = ?) 
2017-07-22 11:40:35.637 DEBUG 4668 --- [http-nio-8080-exec-7] c.i.v.c.p.dao.DictMapper.selectList      : ==> Parameters: 29(Integer)
2017-07-22 11:40:35.641 DEBUG 4668 --- [http-nio-8080-exec-7] c.i.v.c.p.dao.DictMapper.selectList      : <==      Total: 2
2017-07-22 11:40:35.642 DEBUG 4668 --- [http-nio-8080-exec-10] c.i.vip.modular.system.dao.DeptDao.tree  : ==>  Preparing: select id,pid as pId,simplename as name, ( CASE WHEN (pId = 0 OR pId IS NULL) THEN 'true' ELSE 'false' END ) as isOpen from dept 
2017-07-22 11:40:35.643 DEBUG 4668 --- [http-nio-8080-exec-10] c.i.vip.modular.system.dao.DeptDao.tree  : ==> Parameters: 
2017-07-22 11:40:35.644 DEBUG 4668 --- [http-nio-8080-exec-7] c.i.v.c.p.dao.DictMapper.selectOne       : ==>  Preparing: SELECT id AS id,num,pid,`name`,tips FROM dict WHERE `name`=? 
2017-07-22 11:40:35.648 DEBUG 4668 --- [http-nio-8080-exec-7] c.i.v.c.p.dao.DictMapper.selectOne       : ==> Parameters: 性别(String)
2017-07-22 11:40:35.650 DEBUG 4668 --- [http-nio-8080-exec-10] c.i.vip.modular.system.dao.DeptDao.tree  : <==      Total: 4
2017-07-22 11:40:35.651 DEBUG 4668 --- [http-nio-8080-exec-7] c.i.v.c.p.dao.DictMapper.selectOne       : <==      Total: 1
2017-07-22 11:40:35.656 DEBUG 4668 --- [http-nio-8080-exec-7] c.i.v.c.p.dao.DictMapper.selectList      : ==>  Preparing: SELECT id AS id,num,pid,`name`,tips FROM dict WHERE (pid = ?) 
2017-07-22 11:40:35.657 DEBUG 4668 --- [http-nio-8080-exec-7] c.i.v.c.p.dao.DictMapper.selectList      : ==> Parameters: 29(Integer)
2017-07-22 11:40:35.660 DEBUG 4668 --- [http-nio-8080-exec-7] c.i.v.c.p.dao.DictMapper.selectList      : <==      Total: 2
2017-07-22 11:52:21.219  INFO 4668 --- [SessionValidationThread-1] a.s.s.m.AbstractValidatingSessionManager : Validating all active sessions...
2017-07-22 11:52:21.221  INFO 4668 --- [SessionValidationThread-1] a.s.s.m.AbstractValidatingSessionManager : Finished session validation.  No sessions were stopped.
2017-07-22 11:54:13.921 DEBUG 4668 --- [http-nio-8080-exec-7] c.i.v.m.system.dao.RoleDao.selectRoles   : ==>  Preparing: select id, num, pid, name, deptid, tips, version from role 
2017-07-22 11:54:13.923 DEBUG 4668 --- [http-nio-8080-exec-7] c.i.v.m.system.dao.RoleDao.selectRoles   : ==> Parameters: 
2017-07-22 11:54:13.925 DEBUG 4668 --- [http-nio-8080-exec-7] c.i.v.m.system.dao.RoleDao.selectRoles   : <==      Total: 2
